android/app/build/intermediates/manifest_merge_blame_file/release/manifest-merger-blame-release-report.txt
1<?xml version="1.0" encoding="utf-8"?>
2<manifest xmlns:android="http://schemas.android.com/apk/res/android"
3    package="com.bridgingdemo"
4    android:versionCode="2"
5    android:versionName="2.0" >
6
7    <uses-sdk
8        android:minSdkVersion="21"
9        android:targetSdkVersion="34" />
10
11    <uses-permission android:name="android.permission.INTERNET" />
11-->src/main/AndroidManifest.xml:3:5-67
11-->src/main/AndroidManifest.xml:3:22-64
12    <uses-permission android:name="android.permission.WAKE_LOCK" />
12-->[:react-native-firebase_auth] AndroidManifest.xml:8:5-68
12-->[:react-native-firebase_auth] AndroidManifest.xml:8:22-65
13    <uses-permission android:name="android.permission.ACCESS_NETWORK_STATE" />
13-->[:react-native-firebase_auth] AndroidManifest.xml:9:5-79
13-->[:react-native-firebase_auth] AndroidManifest.xml:9:22-76
14    <uses-permission android:name="android.permission.POST_NOTIFICATIONS" /> <!-- Required by older versions of Google Play services to create IID tokens -->
14-->[com.google.firebase:firebase-messaging:23.4.1] AndroidManifest.xml:23:5-77
14-->[com.google.firebase:firebase-messaging:23.4.1] AndroidManifest.xml:23:22-74
15    <uses-permission android:name="com.google.android.c2dm.permission.RECEIVE" />
15-->[com.google.firebase:firebase-messaging:23.4.1] AndroidManifest.xml:26:5-82
15-->[com.google.firebase:firebase-messaging:23.4.1] AndroidManifest.xml:26:22-79
16    <uses-permission android:name="com.google.android.providers.gsf.permission.READ_GSERVICES" />
16-->[com.google.android.recaptcha:recaptcha:18.4.0] AndroidManifest.xml:9:5-98
16-->[com.google.android.recaptcha:recaptcha:18.4.0] AndroidManifest.xml:9:22-95
17
18    <permission
18-->[androidx.core:core:1.9.0] AndroidManifest.xml:22:5-24:47
19        android:name="com.bridgingdemo.DYNAMIC_RECEIVER_NOT_EXPORTED_PERMISSION"
19-->[androidx.core:core:1.9.0] AndroidManifest.xml:23:9-81
20        android:protectionLevel="signature" />
20-->[androidx.core:core:1.9.0] AndroidManifest.xml:24:9-44
21
22    <uses-permission android:name="com.bridgingdemo.DYNAMIC_RECEIVER_NOT_EXPORTED_PERMISSION" />
22-->[androidx.core:core:1.9.0] AndroidManifest.xml:26:5-97
22-->[androidx.core:core:1.9.0] AndroidManifest.xml:26:22-94
23
24    <application
24-->src/main/AndroidManifest.xml:5:5-24:19
25        android:name="com.bridgingdemo.MainApplication"
25-->src/main/AndroidManifest.xml:6:7-38
26        android:allowBackup="false"
26-->src/main/AndroidManifest.xml:10:7-34
27        android:appComponentFactory="androidx.core.app.CoreComponentFactory"
27-->[androidx.core:core:1.9.0] AndroidManifest.xml:28:18-86
28        android:extractNativeLibs="true"
29        android:icon="@mipmap/ic_launcher"
29-->src/main/AndroidManifest.xml:8:7-41
30        android:label="@string/app_name"
30-->src/main/AndroidManifest.xml:7:7-39
31        android:roundIcon="@mipmap/ic_launcher_round"
31-->src/main/AndroidManifest.xml:9:7-52
32        android:theme="@style/AppTheme" >
32-->src/main/AndroidManifest.xml:11:7-38
33        <activity
33-->src/main/AndroidManifest.xml:12:7-23:18
34            android:name="com.bridgingdemo.MainActivity"
34-->src/main/AndroidManifest.xml:13:9-37
35            android:configChanges="keyboard|keyboardHidden|orientation|screenLayout|screenSize|smallestScreenSize|uiMode"
35-->src/main/AndroidManifest.xml:15:9-118
36            android:exported="true"
36-->src/main/AndroidManifest.xml:18:9-32
37            android:label="@string/app_name"
37-->src/main/AndroidManifest.xml:14:9-41
38            android:launchMode="singleTask"
38-->src/main/AndroidManifest.xml:16:9-40
39            android:windowSoftInputMode="adjustResize" >
39-->src/main/AndroidManifest.xml:17:9-51
40            <intent-filter>
40-->src/main/AndroidManifest.xml:19:9-22:25
41                <action android:name="android.intent.action.MAIN" />
41-->src/main/AndroidManifest.xml:20:13-65
41-->src/main/AndroidManifest.xml:20:21-62
42
43                <category android:name="android.intent.category.LAUNCHER" />
43-->src/main/AndroidManifest.xml:21:13-73
43-->src/main/AndroidManifest.xml:21:23-70
44            </intent-filter>
45        </activity>
46
47        <service
47-->[:react-native-firebase_messaging] AndroidManifest.xml:12:9-14:40
48            android:name="io.invertase.firebase.messaging.ReactNativeFirebaseMessagingHeadlessService"
48-->[:react-native-firebase_messaging] AndroidManifest.xml:13:13-103
49            android:exported="false" />
49-->[:react-native-firebase_messaging] AndroidManifest.xml:14:13-37
50        <service
50-->[:react-native-firebase_messaging] AndroidManifest.xml:15:9-21:19
51            android:name="io.invertase.firebase.messaging.ReactNativeFirebaseMessagingService"
51-->[:react-native-firebase_messaging] AndroidManifest.xml:16:13-95
52            android:exported="false" >
52-->[:react-native-firebase_messaging] AndroidManifest.xml:17:13-37
53            <intent-filter>
53-->[:react-native-firebase_messaging] AndroidManifest.xml:18:13-20:29
54                <action android:name="com.google.firebase.MESSAGING_EVENT" />
54-->[:react-native-firebase_messaging] AndroidManifest.xml:19:17-78
54-->[:react-native-firebase_messaging] AndroidManifest.xml:19:25-75
55            </intent-filter>
56        </service>
57
58        <receiver
58-->[:react-native-firebase_messaging] AndroidManifest.xml:23:9-30:20
59            android:name="io.invertase.firebase.messaging.ReactNativeFirebaseMessagingReceiver"
59-->[:react-native-firebase_messaging] AndroidManifest.xml:24:13-96
60            android:exported="true"
60-->[:react-native-firebase_messaging] AndroidManifest.xml:25:13-36
61            android:permission="com.google.android.c2dm.permission.SEND" >
61-->[:react-native-firebase_messaging] AndroidManifest.xml:26:13-73
62            <intent-filter>
62-->[:react-native-firebase_messaging] AndroidManifest.xml:27:13-29:29
63                <action android:name="com.google.android.c2dm.intent.RECEIVE" />
63-->[:react-native-firebase_messaging] AndroidManifest.xml:28:17-81
63-->[:react-native-firebase_messaging] AndroidManifest.xml:28:25-78
64            </intent-filter>
65        </receiver>
66
67        <meta-data
67-->[:react-native-firebase_messaging] AndroidManifest.xml:32:9-34:36
68            android:name="firebase_messaging_auto_init_enabled"
68-->[:react-native-firebase_messaging] AndroidManifest.xml:33:13-64
69            android:value="true" />
69-->[:react-native-firebase_messaging] AndroidManifest.xml:34:13-33
70        <meta-data
70-->[:react-native-firebase_messaging] AndroidManifest.xml:35:9-37:32
71            android:name="com.google.firebase.messaging.default_notification_channel_id"
71-->[:react-native-firebase_messaging] AndroidManifest.xml:36:13-89
72            android:value="" />
72-->[:react-native-firebase_messaging] AndroidManifest.xml:37:13-29
73        <meta-data
73-->[:react-native-firebase_messaging] AndroidManifest.xml:38:9-40:47
74            android:name="com.google.firebase.messaging.default_notification_color"
74-->[:react-native-firebase_messaging] AndroidManifest.xml:39:13-84
75            android:resource="@color/white" />
75-->[:react-native-firebase_messaging] AndroidManifest.xml:40:13-44
76        <meta-data
76-->[:react-native-firebase_app] AndroidManifest.xml:9:9-11:36
77            android:name="app_data_collection_default_enabled"
77-->[:react-native-firebase_app] AndroidManifest.xml:10:13-63
78            android:value="true" />
78-->[:react-native-firebase_app] AndroidManifest.xml:11:13-33
79
80        <service
80-->[:react-native-firebase_app] AndroidManifest.xml:13:9-21:19
81            android:name="com.google.firebase.components.ComponentDiscoveryService"
81-->[:react-native-firebase_app] AndroidManifest.xml:14:13-84
82            android:directBootAware="true"
82-->[:react-native-firebase_app] AndroidManifest.xml:15:13-43
83            android:exported="false" >
83-->[:react-native-firebase_app] AndroidManifest.xml:16:13-37
84            <meta-data
84-->[:react-native-firebase_app] AndroidManifest.xml:18:13-20:85
85                android:name="com.google.firebase.components:io.invertase.firebase.app.ReactNativeFirebaseAppRegistrar"
85-->[:react-native-firebase_app] AndroidManifest.xml:19:17-120
86                android:value="com.google.firebase.components.ComponentRegistrar" />
86-->[:react-native-firebase_app] AndroidManifest.xml:20:17-82
87            <meta-data
87-->[com.google.firebase:firebase-auth:22.3.1] AndroidManifest.xml:69:13-71:85
88                android:name="com.google.firebase.components:com.google.firebase.auth.FirebaseAuthRegistrar"
88-->[com.google.firebase:firebase-auth:22.3.1] AndroidManifest.xml:70:17-109
89                android:value="com.google.firebase.components.ComponentRegistrar" />
89-->[com.google.firebase:firebase-auth:22.3.1] AndroidManifest.xml:71:17-82
90            <meta-data
90-->[com.google.firebase:firebase-firestore:24.11.0] AndroidManifest.xml:17:13-19:85
91                android:name="com.google.firebase.components:com.google.firebase.firestore.FirebaseFirestoreKtxRegistrar"
91-->[com.google.firebase:firebase-firestore:24.11.0] AndroidManifest.xml:18:17-122
92                android:value="com.google.firebase.components.ComponentRegistrar" />
92-->[com.google.firebase:firebase-firestore:24.11.0] AndroidManifest.xml:19:17-82
93            <meta-data
93-->[com.google.firebase:firebase-firestore:24.11.0] AndroidManifest.xml:20:13-22:85
94                android:name="com.google.firebase.components:com.google.firebase.firestore.FirestoreRegistrar"
94-->[com.google.firebase:firebase-firestore:24.11.0] AndroidManifest.xml:21:17-111
95                android:value="com.google.firebase.components.ComponentRegistrar" />
95-->[com.google.firebase:firebase-firestore:24.11.0] AndroidManifest.xml:22:17-82
96            <meta-data
96-->[com.google.firebase:firebase-messaging:23.4.1] AndroidManifest.xml:57:13-59:85
97                android:name="com.google.firebase.components:com.google.firebase.messaging.FirebaseMessagingKtxRegistrar"
97-->[com.google.firebase:firebase-messaging:23.4.1] AndroidManifest.xml:58:17-122
98                android:value="com.google.firebase.components.ComponentRegistrar" />
98-->[com.google.firebase:firebase-messaging:23.4.1] AndroidManifest.xml:59:17-82
99            <meta-data
99-->[com.google.firebase:firebase-messaging:23.4.1] AndroidManifest.xml:60:13-62:85
100                android:name="com.google.firebase.components:com.google.firebase.messaging.FirebaseMessagingRegistrar"
100-->[com.google.firebase:firebase-messaging:23.4.1] AndroidManifest.xml:61:17-119
101                android:value="com.google.firebase.components.ComponentRegistrar" />
101-->[com.google.firebase:firebase-messaging:23.4.1] AndroidManifest.xml:62:17-82
102            <meta-data
102-->[com.google.firebase:firebase-installations:17.2.0] AndroidManifest.xml:15:13-17:85
103                android:name="com.google.firebase.components:com.google.firebase.installations.FirebaseInstallationsKtxRegistrar"
103-->[com.google.firebase:firebase-installations:17.2.0] AndroidManifest.xml:16:17-130
104                android:value="com.google.firebase.components.ComponentRegistrar" />
104-->[com.google.firebase:firebase-installations:17.2.0] AndroidManifest.xml:17:17-82
105            <meta-data
105-->[com.google.firebase:firebase-installations:17.2.0] AndroidManifest.xml:18:13-20:85
106                android:name="com.google.firebase.components:com.google.firebase.installations.FirebaseInstallationsRegistrar"
106-->[com.google.firebase:firebase-installations:17.2.0] AndroidManifest.xml:19:17-127
107                android:value="com.google.firebase.components.ComponentRegistrar" />
107-->[com.google.firebase:firebase-installations:17.2.0] AndroidManifest.xml:20:17-82
108            <meta-data
108-->[com.google.firebase:firebase-common-ktx:20.4.3] AndroidManifest.xml:12:13-14:85
109                android:name="com.google.firebase.components:com.google.firebase.ktx.FirebaseCommonLegacyRegistrar"
109-->[com.google.firebase:firebase-common-ktx:20.4.3] AndroidManifest.xml:13:17-116
110                android:value="com.google.firebase.components.ComponentRegistrar" />
110-->[com.google.firebase:firebase-common-ktx:20.4.3] AndroidManifest.xml:14:17-82
111            <meta-data
111-->[com.google.firebase:firebase-common:20.4.3] AndroidManifest.xml:35:13-37:85
112                android:name="com.google.firebase.components:com.google.firebase.FirebaseCommonKtxRegistrar"
112-->[com.google.firebase:firebase-common:20.4.3] AndroidManifest.xml:36:17-109
113                android:value="com.google.firebase.components.ComponentRegistrar" />
113-->[com.google.firebase:firebase-common:20.4.3] AndroidManifest.xml:37:17-82
114            <meta-data
114-->[com.google.firebase:firebase-datatransport:18.1.7] AndroidManifest.xml:27:13-29:85
115                android:name="com.google.firebase.components:com.google.firebase.datatransport.TransportRegistrar"
115-->[com.google.firebase:firebase-datatransport:18.1.7] AndroidManifest.xml:28:17-115
116                android:value="com.google.firebase.components.ComponentRegistrar" />
116-->[com.google.firebase:firebase-datatransport:18.1.7] AndroidManifest.xml:29:17-82
117        </service>
118
119        <provider
119-->[:react-native-firebase_app] AndroidManifest.xml:23:9-27:38
120            android:name="io.invertase.firebase.app.ReactNativeFirebaseAppInitProvider"
120-->[:react-native-firebase_app] AndroidManifest.xml:24:13-88
121            android:authorities="com.bridgingdemo.reactnativefirebaseappinitprovider"
121-->[:react-native-firebase_app] AndroidManifest.xml:25:13-86
122            android:exported="false"
122-->[:react-native-firebase_app] AndroidManifest.xml:26:13-37
123            android:initOrder="99" />
123-->[:react-native-firebase_app] AndroidManifest.xml:27:13-35
124
125        <activity
125-->[com.google.firebase:firebase-auth:22.3.1] AndroidManifest.xml:29:9-46:20
126            android:name="com.google.firebase.auth.internal.GenericIdpActivity"
126-->[com.google.firebase:firebase-auth:22.3.1] AndroidManifest.xml:30:13-80
127            android:excludeFromRecents="true"
127-->[com.google.firebase:firebase-auth:22.3.1] AndroidManifest.xml:31:13-46
128            android:exported="true"
128-->[com.google.firebase:firebase-auth:22.3.1] AndroidManifest.xml:32:13-36
129            android:launchMode="singleTask"
129-->[com.google.firebase:firebase-auth:22.3.1] AndroidManifest.xml:33:13-44
130            android:theme="@android:style/Theme.Translucent.NoTitleBar" >
130-->[com.google.firebase:firebase-auth:22.3.1] AndroidManifest.xml:34:13-72
131            <intent-filter>
131-->[com.google.firebase:firebase-auth:22.3.1] AndroidManifest.xml:35:13-45:29
132                <action android:name="android.intent.action.VIEW" />
132-->[com.google.firebase:firebase-auth:22.3.1] AndroidManifest.xml:36:17-69
132-->[com.google.firebase:firebase-auth:22.3.1] AndroidManifest.xml:36:25-66
133
134                <category android:name="android.intent.category.DEFAULT" />
134-->[com.google.firebase:firebase-auth:22.3.1] AndroidManifest.xml:38:17-76
134-->[com.google.firebase:firebase-auth:22.3.1] AndroidManifest.xml:38:27-73
135                <category android:name="android.intent.category.BROWSABLE" />
135-->[com.google.firebase:firebase-auth:22.3.1] AndroidManifest.xml:39:17-78
135-->[com.google.firebase:firebase-auth:22.3.1] AndroidManifest.xml:39:27-75
136
137                <data
137-->[com.google.firebase:firebase-auth:22.3.1] AndroidManifest.xml:41:17-44:51
138                    android:host="firebase.auth"
138-->[com.google.firebase:firebase-auth:22.3.1] AndroidManifest.xml:42:21-49
139                    android:path="/"
139-->[com.google.firebase:firebase-auth:22.3.1] AndroidManifest.xml:43:21-37
140                    android:scheme="genericidp" />
140-->[com.google.firebase:firebase-auth:22.3.1] AndroidManifest.xml:44:21-48
141            </intent-filter>
142        </activity>
143        <activity
143-->[com.google.firebase:firebase-auth:22.3.1] AndroidManifest.xml:47:9-64:20
144            android:name="com.google.firebase.auth.internal.RecaptchaActivity"
144-->[com.google.firebase:firebase-auth:22.3.1] AndroidManifest.xml:48:13-79
145            android:excludeFromRecents="true"
145-->[com.google.firebase:firebase-auth:22.3.1] AndroidManifest.xml:49:13-46
146            android:exported="true"
146-->[com.google.firebase:firebase-auth:22.3.1] AndroidManifest.xml:50:13-36
147            android:launchMode="singleTask"
147-->[com.google.firebase:firebase-auth:22.3.1] AndroidManifest.xml:51:13-44
148            android:theme="@android:style/Theme.Translucent.NoTitleBar" >
148-->[com.google.firebase:firebase-auth:22.3.1] AndroidManifest.xml:52:13-72
149            <intent-filter>
149-->[com.google.firebase:firebase-auth:22.3.1] AndroidManifest.xml:53:13-63:29
150                <action android:name="android.intent.action.VIEW" />
150-->[com.google.firebase:firebase-auth:22.3.1] AndroidManifest.xml:36:17-69
150-->[com.google.firebase:firebase-auth:22.3.1] AndroidManifest.xml:36:25-66
151
152                <category android:name="android.intent.category.DEFAULT" />
152-->[com.google.firebase:firebase-auth:22.3.1] AndroidManifest.xml:38:17-76
152-->[com.google.firebase:firebase-auth:22.3.1] AndroidManifest.xml:38:27-73
153                <category android:name="android.intent.category.BROWSABLE" />
153-->[com.google.firebase:firebase-auth:22.3.1] AndroidManifest.xml:39:17-78
153-->[com.google.firebase:firebase-auth:22.3.1] AndroidManifest.xml:39:27-75
154
155                <data
155-->[com.google.firebase:firebase-auth:22.3.1] AndroidManifest.xml:41:17-44:51
156                    android:host="firebase.auth"
156-->[com.google.firebase:firebase-auth:22.3.1] AndroidManifest.xml:42:21-49
157                    android:path="/"
157-->[com.google.firebase:firebase-auth:22.3.1] AndroidManifest.xml:43:21-37
158                    android:scheme="recaptcha" />
158-->[com.google.firebase:firebase-auth:22.3.1] AndroidManifest.xml:44:21-48
159            </intent-filter>
160        </activity>
161
162        <receiver
162-->[com.google.firebase:firebase-messaging:23.4.1] AndroidManifest.xml:29:9-40:20
163            android:name="com.google.firebase.iid.FirebaseInstanceIdReceiver"
163-->[com.google.firebase:firebase-messaging:23.4.1] AndroidManifest.xml:30:13-78
164            android:exported="true"
164-->[com.google.firebase:firebase-messaging:23.4.1] AndroidManifest.xml:31:13-36
165            android:permission="com.google.android.c2dm.permission.SEND" >
165-->[com.google.firebase:firebase-messaging:23.4.1] AndroidManifest.xml:32:13-73
166            <intent-filter>
166-->[:react-native-firebase_messaging] AndroidManifest.xml:27:13-29:29
167                <action android:name="com.google.android.c2dm.intent.RECEIVE" />
167-->[:react-native-firebase_messaging] AndroidManifest.xml:28:17-81
167-->[:react-native-firebase_messaging] AndroidManifest.xml:28:25-78
168            </intent-filter>
169
170            <meta-data
170-->[com.google.firebase:firebase-messaging:23.4.1] AndroidManifest.xml:37:13-39:40
171                android:name="com.google.android.gms.cloudmessaging.FINISHED_AFTER_HANDLED"
171-->[com.google.firebase:firebase-messaging:23.4.1] AndroidManifest.xml:38:17-92
172                android:value="true" />
172-->[com.google.firebase:firebase-messaging:23.4.1] AndroidManifest.xml:39:17-37
173        </receiver>
174        <!--
175             FirebaseMessagingService performs security checks at runtime,
176             but set to not exported to explicitly avoid allowing another app to call it.
177        -->
178        <service
178-->[com.google.firebase:firebase-messaging:23.4.1] AndroidManifest.xml:46:9-53:19
179            android:name="com.google.firebase.messaging.FirebaseMessagingService"
179-->[com.google.firebase:firebase-messaging:23.4.1] AndroidManifest.xml:47:13-82
180            android:directBootAware="true"
180-->[com.google.firebase:firebase-messaging:23.4.1] AndroidManifest.xml:48:13-43
181            android:exported="false" >
181-->[com.google.firebase:firebase-messaging:23.4.1] AndroidManifest.xml:49:13-37
182            <intent-filter android:priority="-500" >
182-->[:react-native-firebase_messaging] AndroidManifest.xml:18:13-20:29
183                <action android:name="com.google.firebase.MESSAGING_EVENT" />
183-->[:react-native-firebase_messaging] AndroidManifest.xml:19:17-78
183-->[:react-native-firebase_messaging] AndroidManifest.xml:19:25-75
184            </intent-filter>
185        </service>
186
187        <activity
187-->[com.google.android.gms:play-services-auth:21.0.0] AndroidManifest.xml:23:9-27:75
188            android:name="com.google.android.gms.auth.api.signin.internal.SignInHubActivity"
188-->[com.google.android.gms:play-services-auth:21.0.0] AndroidManifest.xml:24:13-93
189            android:excludeFromRecents="true"
189-->[com.google.android.gms:play-services-auth:21.0.0] AndroidManifest.xml:25:13-46
190            android:exported="false"
190-->[com.google.android.gms:play-services-auth:21.0.0] AndroidManifest.xml:26:13-37
191            android:theme="@android:style/Theme.Translucent.NoTitleBar" />
191-->[com.google.android.gms:play-services-auth:21.0.0] AndroidManifest.xml:27:13-72
192        <!--
193            Service handling Google Sign-In user revocation. For apps that do not integrate with
194            Google Sign-In, this service will never be started.
195        -->
196        <service
196-->[com.google.android.gms:play-services-auth:21.0.0] AndroidManifest.xml:33:9-37:51
197            android:name="com.google.android.gms.auth.api.signin.RevocationBoundService"
197-->[com.google.android.gms:play-services-auth:21.0.0] AndroidManifest.xml:34:13-89
198            android:exported="true"
198-->[com.google.android.gms:play-services-auth:21.0.0] AndroidManifest.xml:35:13-36
199            android:permission="com.google.android.gms.auth.api.signin.permission.REVOCATION_NOTIFICATION"
199-->[com.google.android.gms:play-services-auth:21.0.0] AndroidManifest.xml:36:13-107
200            android:visibleToInstantApps="true" />
200-->[com.google.android.gms:play-services-auth:21.0.0] AndroidManifest.xml:37:13-48
201
202        <meta-data
202-->[com.github.bumptech.glide:okhttp3-integration:4.12.0] AndroidManifest.xml:11:9-13:43
203            android:name="com.bumptech.glide.integration.okhttp3.OkHttpGlideModule"
203-->[com.github.bumptech.glide:okhttp3-integration:4.12.0] AndroidManifest.xml:12:13-84
204            android:value="GlideModule" />
204-->[com.github.bumptech.glide:okhttp3-integration:4.12.0] AndroidManifest.xml:13:13-40
205
206        <activity
206-->[com.google.android.gms:play-services-base:18.0.1] AndroidManifest.xml:20:9-22:45
207            android:name="com.google.android.gms.common.api.GoogleApiActivity"
207-->[com.google.android.gms:play-services-base:18.0.1] AndroidManifest.xml:20:19-85
208            android:exported="false"
208-->[com.google.android.gms:play-services-base:18.0.1] AndroidManifest.xml:22:19-43
209            android:theme="@android:style/Theme.Translucent.NoTitleBar" />
209-->[com.google.android.gms:play-services-base:18.0.1] AndroidManifest.xml:21:19-78
210
211        <provider
211-->[com.google.firebase:firebase-common:20.4.3] AndroidManifest.xml:23:9-28:39
212            android:name="com.google.firebase.provider.FirebaseInitProvider"
212-->[com.google.firebase:firebase-common:20.4.3] AndroidManifest.xml:24:13-77
213            android:authorities="com.bridgingdemo.firebaseinitprovider"
213-->[com.google.firebase:firebase-common:20.4.3] AndroidManifest.xml:25:13-72
214            android:directBootAware="true"
214-->[com.google.firebase:firebase-common:20.4.3] AndroidManifest.xml:26:13-43
215            android:exported="false"
215-->[com.google.firebase:firebase-common:20.4.3] AndroidManifest.xml:27:13-37
216            android:initOrder="100" />
216-->[com.google.firebase:firebase-common:20.4.3] AndroidManifest.xml:28:13-36
217
218        <meta-data
218-->[com.google.android.gms:play-services-basement:18.3.0] AndroidManifest.xml:21:9-23:69
219            android:name="com.google.android.gms.version"
219-->[com.google.android.gms:play-services-basement:18.3.0] AndroidManifest.xml:22:13-58
220            android:value="@integer/google_play_services_version" />
220-->[com.google.android.gms:play-services-basement:18.3.0] AndroidManifest.xml:23:13-66
221
222        <provider
222-->[androidx.emoji2:emoji2:1.2.0] AndroidManifest.xml:24:9-32:20
223            android:name="androidx.startup.InitializationProvider"
223-->[androidx.emoji2:emoji2:1.2.0] AndroidManifest.xml:25:13-67
224            android:authorities="com.bridgingdemo.androidx-startup"
224-->[androidx.emoji2:emoji2:1.2.0] AndroidManifest.xml:26:13-68
225            android:exported="false" >
225-->[androidx.emoji2:emoji2:1.2.0] AndroidManifest.xml:27:13-37
226            <meta-data
226-->[androidx.emoji2:emoji2:1.2.0] AndroidManifest.xml:29:13-31:52
227                android:name="androidx.emoji2.text.EmojiCompatInitializer"
227-->[androidx.emoji2:emoji2:1.2.0] AndroidManifest.xml:30:17-75
228                android:value="androidx.startup" />
228-->[androidx.emoji2:emoji2:1.2.0] AndroidManifest.xml:31:17-49
229            <meta-data
229-->[androidx.lifecycle:lifecycle-process:2.4.1] AndroidManifest.xml:31:13-33:52
230                android:name="androidx.lifecycle.ProcessLifecycleInitializer"
230-->[androidx.lifecycle:lifecycle-process:2.4.1] AndroidManifest.xml:32:17-78
231                android:value="androidx.startup" />
231-->[androidx.lifecycle:lifecycle-process:2.4.1] AndroidManifest.xml:33:17-49
232        </provider>
233
234        <service
234-->[com.google.android.datatransport:transport-backend-cct:3.1.8] AndroidManifest.xml:28:9-34:19
235            android:name="com.google.android.datatransport.runtime.backends.TransportBackendDiscovery"
235-->[com.google.android.datatransport:transport-backend-cct:3.1.8] AndroidManifest.xml:29:13-103
236            android:exported="false" >
236-->[com.google.android.datatransport:transport-backend-cct:3.1.8] AndroidManifest.xml:30:13-37
237            <meta-data
237-->[com.google.android.datatransport:transport-backend-cct:3.1.8] AndroidManifest.xml:31:13-33:39
238                android:name="backend:com.google.android.datatransport.cct.CctBackendFactory"
238-->[com.google.android.datatransport:transport-backend-cct:3.1.8] AndroidManifest.xml:32:17-94
239                android:value="cct" />
239-->[com.google.android.datatransport:transport-backend-cct:3.1.8] AndroidManifest.xml:33:17-36
240        </service>
241        <service
241-->[com.google.android.datatransport:transport-runtime:3.1.8] AndroidManifest.xml:26:9-30:19
242            android:name="com.google.android.datatransport.runtime.scheduling.jobscheduling.JobInfoSchedulerService"
242-->[com.google.android.datatransport:transport-runtime:3.1.8] AndroidManifest.xml:27:13-117
243            android:exported="false"
243-->[com.google.android.datatransport:transport-runtime:3.1.8] AndroidManifest.xml:28:13-37
244            android:permission="android.permission.BIND_JOB_SERVICE" >
244-->[com.google.android.datatransport:transport-runtime:3.1.8] AndroidManifest.xml:29:13-69
245        </service>
246
247        <receiver
247-->[com.google.android.datatransport:transport-runtime:3.1.8] AndroidManifest.xml:32:9-34:40
248            android:name="com.google.android.datatransport.runtime.scheduling.jobscheduling.AlarmManagerSchedulerBroadcastReceiver"
248-->[com.google.android.datatransport:transport-runtime:3.1.8] AndroidManifest.xml:33:13-132
249            android:exported="false" />
249-->[com.google.android.datatransport:transport-runtime:3.1.8] AndroidManifest.xml:34:13-37
250
251        <meta-data
251-->[com.facebook.soloader:soloader:0.10.5] AndroidManifest.xml:12:9-14:37
252            android:name="com.facebook.soloader.enabled"
252-->[com.facebook.soloader:soloader:0.10.5] AndroidManifest.xml:13:13-57
253            android:value="false" />
253-->[com.facebook.soloader:soloader:0.10.5] AndroidManifest.xml:14:13-34
254    </application>
255
256</manifest>